<?xml version="1.0" encoding="UTF-8"?>
<robot generator="Robot 7.0 (Python 3.12.2 on win32)" generated="2024-03-11T16:09:01.895073" rpa="false" schemaversion="5">
<suite id="s1" name="Amazon Testes" source="c:\Users\lincongoncalves\Desktop\AutomacaoRobot\project-robot-framework\amazon_testes.robot">
<test id="s1-t1" name="Caso de Teste 01 - Acesso ao menu &quot;Livros&quot;" line="9">
<kw name="Abrir o navegador" owner="amazon_resources" type="SETUP">
<kw name="Open Browser" owner="SeleniumLibrary">
<msg time="2024-03-11T16:09:02.181800" level="INFO">Opening browser 'chrome' to base url 'None'.</msg>
<arg>browser=${BROWSER}</arg>
<doc>Opens a new browser instance to the optional ``url``.</doc>
<status status="PASS" start="2024-03-11T16:09:02.180799" elapsed="2.072719"/>
</kw>
<kw name="Maximize Browser Window" owner="SeleniumLibrary">
<doc>Maximizes current browser window.</doc>
<status status="PASS" start="2024-03-11T16:09:04.253518" elapsed="0.118313"/>
</kw>
<status status="PASS" start="2024-03-11T16:09:02.180799" elapsed="2.192043"/>
</kw>
<kw name="Acessar a home page do site Amazon.com.br" owner="amazon_resources">
<kw name="Go To" owner="SeleniumLibrary">
<msg time="2024-03-11T16:09:04.379450" level="INFO">Opening url 'http://www.amazon.com.br'</msg>
<arg>url=${URL}</arg>
<doc>Navigates the current browser window to the provided ``url``.</doc>
<status status="PASS" start="2024-03-11T16:09:04.377945" elapsed="3.549914"/>
</kw>
<kw name="Wait Until Element Is Visible" owner="SeleniumLibrary">
<arg>locator=${CATEGORIA_LIVROS}</arg>
<doc>Waits until the element ``locator`` is visible.</doc>
<status status="PASS" start="2024-03-11T16:09:07.927859" elapsed="0.091099"/>
</kw>
<status status="PASS" start="2024-03-11T16:09:04.374918" elapsed="3.644040"/>
</kw>
<kw name="Entrar no menu &quot;Livros&quot;" owner="amazon_resources">
<kw name="Click Element" owner="SeleniumLibrary">
<msg time="2024-03-11T16:09:08.024208" level="INFO">Clicking element '//a[contains(.,'Livros')]'.</msg>
<arg>locator=${CATEGORIA_LIVROS}</arg>
<doc>Click the element identified by ``locator``.</doc>
<status status="PASS" start="2024-03-11T16:09:08.023699" elapsed="1.815273"/>
</kw>
<status status="PASS" start="2024-03-11T16:09:08.022689" elapsed="1.817289"/>
</kw>
<kw name="Verificar se aparece a frase &quot;Livros em Destaque&quot;" owner="amazon_resources" source_name="Verificar se aparece a frase &quot;${FRASE}&quot;">
<kw name="Wait Until Page Contains" owner="SeleniumLibrary">
<arg>text=${FRASE}</arg>
<doc>Waits until ``text`` appears on the current page.</doc>
<status status="PASS" start="2024-03-11T16:09:09.841224" elapsed="0.028856"/>
</kw>
<kw name="Wait Until Element Is Visible" owner="SeleniumLibrary">
<arg>locator=${LIVROS_OFERTAS}</arg>
<doc>Waits until the element ``locator`` is visible.</doc>
<status status="PASS" start="2024-03-11T16:09:09.870080" elapsed="0.129025"/>
</kw>
<status status="PASS" start="2024-03-11T16:09:09.839978" elapsed="0.159127"/>
</kw>
<kw name="Verificar se o título da página fica &quot;Livros | Amazon.com.br&quot;" owner="amazon_resources" source_name="Verificar se o título da página fica &quot;${TITULO}&quot;">
<kw name="Title Should Be" owner="SeleniumLibrary">
<msg time="2024-03-11T16:09:10.010091" level="INFO">Page title is 'Livros | Amazon.com.br'.</msg>
<arg>title=${TITULO}</arg>
<doc>Verifies that the current page title equals ``title``.</doc>
<status status="PASS" start="2024-03-11T16:09:10.000544" elapsed="0.010548"/>
</kw>
<status status="PASS" start="2024-03-11T16:09:09.999105" elapsed="0.011987"/>
</kw>
<kw name="Verificar se aparece a categoria &quot;Romance&quot;" owner="amazon_resources" source_name="Verificar se aparece a categoria &quot;${NOME_CATEGORIA}&quot;">
<kw name="Element Should Be Visible" owner="SeleniumLibrary">
<msg time="2024-03-11T16:09:10.046751" level="INFO">Element '//li[@class='a-carousel-card GridPresets-module__gridPresetElement_LK6M4HpuBZHEa3NTWKSb9'][contains(.,'Romance')]' is displayed.</msg>
<arg>locator=//li[@class='a-carousel-card GridPresets-module__gridPresetElement_LK6M4HpuBZHEa3NTWKSb9'][contains(.,'${NOME_CATEGORIA}')]</arg>
<doc>Verifies that the element identified by ``locator`` is visible.</doc>
<status status="PASS" start="2024-03-11T16:09:10.012091" elapsed="0.034660"/>
</kw>
<status status="PASS" start="2024-03-11T16:09:10.012091" elapsed="0.034660"/>
</kw>
<kw name="Fechar o navegador" owner="amazon_resources" type="TEARDOWN">
<kw name="Capture Page Screenshot" owner="SeleniumLibrary">
<msg time="2024-03-11T16:09:10.219035" level="INFO" html="true">&lt;/td&gt;&lt;/tr&gt;&lt;tr&gt;&lt;td colspan="3"&gt;&lt;a href="selenium-screenshot-1.png"&gt;&lt;img src="selenium-screenshot-1.png" width="800px"&gt;&lt;/a&gt;</msg>
<doc>Takes a screenshot of the current page and embeds it into a log file.</doc>
<status status="PASS" start="2024-03-11T16:09:10.048104" elapsed="0.170931"/>
</kw>
<kw name="Close Browser" owner="SeleniumLibrary">
<doc>Closes the current browser.</doc>
<status status="PASS" start="2024-03-11T16:09:10.219035" elapsed="2.423782"/>
</kw>
<status status="PASS" start="2024-03-11T16:09:10.048104" elapsed="2.594713"/>
</kw>
<doc>Esse teste verifica o menu loja de livros do site da Amazon.com.br
e verifica a categoria Romance</doc>
<tag>categorias</tag>
<tag>menus</tag>
<status status="PASS" start="2024-03-11T16:09:02.179800" elapsed="10.464016"/>
</test>
<doc>Essa suíte testa o site da Amazon.com.br</doc>
<status status="PASS" start="2024-03-11T16:09:01.902828" elapsed="10.743991"/>
</suite>
<statistics>
<total>
<stat pass="1" fail="0" skip="0">All Tests</stat>
</total>
<tag>
<stat pass="1" fail="0" skip="0">categorias</stat>
<stat pass="1" fail="0" skip="0">menus</stat>
</tag>
<suite>
<stat pass="1" fail="0" skip="0" id="s1" name="Amazon Testes">Amazon Testes</stat>
</suite>
</statistics>
<errors>
</errors>
</robot>
